[debug] [2023-01-21T19:15:36.285Z] ----------------------------------------------------------------------
[debug] [2023-01-21T19:15:36.289Z] Command:       C:\Program Files\nodejs\node.exe C:\Users\Lenovo\AppData\Roaming\npm\node_modules\firebase-tools\lib\bin\firebase.js login
[debug] [2023-01-21T19:15:36.290Z] CLI Version:   11.21.0
[debug] [2023-01-21T19:15:36.290Z] Platform:      win32
[debug] [2023-01-21T19:15:36.290Z] Node Version:  v18.13.0
[debug] [2023-01-21T19:15:36.292Z] Time:          Sun Jan 22 2023 00:45:36 GMT+0530 (India Standard Time)
[debug] [2023-01-21T19:15:36.292Z] ----------------------------------------------------------------------
[debug] 
[info] Already logged in as pillirajesh05@gmail.com
[debug] [2023-01-21T19:15:46.404Z] Error: Timed out.
    at Timeout._onTimeout (C:\Users\Lenovo\AppData\Roaming\npm\node_modules\firebase-tools\lib\utils.js:253:49)
    at listOnTimeout (node:internal/timers:564:17)
    at process.processTimers (node:internal/timers:507:7)
[error] 
[error] Error: An unexpected error has occurred.
[debug] [2023-01-21T19:16:09.266Z] ----------------------------------------------------------------------
[debug] [2023-01-21T19:16:09.269Z] Command:       C:\Program Files\nodejs\node.exe C:\Users\Lenovo\AppData\Roaming\npm\node_modules\firebase-tools\lib\bin\firebase.js init
[debug] [2023-01-21T19:16:09.270Z] CLI Version:   11.21.0
[debug] [2023-01-21T19:16:09.270Z] Platform:      win32
[debug] [2023-01-21T19:16:09.270Z] Node Version:  v18.13.0
[debug] [2023-01-21T19:16:09.271Z] Time:          Sun Jan 22 2023 00:46:09 GMT+0530 (India Standard Time)
[debug] [2023-01-21T19:16:09.271Z] ----------------------------------------------------------------------
[debug] 
[debug] [2023-01-21T19:16:09.282Z] > command requires scopes: ["email","openid","https://www.googleapis.com/auth/cloudplatformprojects.readonly","https://www.googleapis.com/auth/firebase","https://www.googleapis.com/auth/cloud-platform"]
[debug] [2023-01-21T19:16:09.283Z] > authorizing via signed-in user (pillirajesh05@gmail.com)
[info] 
     ######## #### ########  ######## ########     ###     ######  ########
     ##        ##  ##     ## ##       ##     ##  ##   ##  ##       ##
     ######    ##  ########  ######   ########  #########  ######  ######
     ##        ##  ##    ##  ##       ##     ## ##     ##       ## ##
     ##       #### ##     ## ######## ########  ##     ##  ######  ########

You're about to initialize a Firebase project in this directory:

  D:\reactproject\WhetherApp\reactWeather\weather-app

[info] 
=== Project Setup
[info] 
[info] First, let's associate this project directory with a Firebase project.
[info] You can create multiple project aliases by running firebase use --add, 
[info] but for now we'll just set up a default project.
[info] 
[debug] [2023-01-21T19:16:32.321Z] > refreshing access token with scopes: []
[debug] [2023-01-21T19:16:32.325Z] >>> [apiv2][query] POST https://www.googleapis.com/oauth2/v3/token [none]
[debug] [2023-01-21T19:16:32.325Z] >>> [apiv2][body] POST https://www.googleapis.com/oauth2/v3/token [omitted]
[debug] [2023-01-21T19:16:32.953Z] <<< [apiv2][status] POST https://www.googleapis.com/oauth2/v3/token 200
[debug] [2023-01-21T19:16:32.953Z] <<< [apiv2][body] POST https://www.googleapis.com/oauth2/v3/token [omitted]
[debug] [2023-01-21T19:16:32.973Z] >>> [apiv2][query] GET https://firebase.googleapis.com/v1beta1/projects pageSize=100
[debug] [2023-01-21T19:16:34.169Z] <<< [apiv2][status] GET https://firebase.googleapis.com/v1beta1/projects 200
[debug] [2023-01-21T19:16:34.170Z] <<< [apiv2][body] GET https://firebase.googleapis.com/v1beta1/projects [omitted]
[info] i  Using project project-weather-85f4c (Project Weather) 
[info] 
=== Hosting Setup
[info] 
[info] Your public directory is the folder (relative to your project directory) that
[info] will contain Hosting assets to be uploaded with firebase deploy. If you
[info] have a build process for your assets, use your build's output directory.
[info] 
[debug] [2023-01-21T19:18:54.181Z] >>> [apiv2][query] GET https://www.gstatic.com/firebasejs/releases.json [none]
[debug] [2023-01-21T19:18:54.702Z] <<< [apiv2][status] GET https://www.gstatic.com/firebasejs/releases.json 200
[debug] [2023-01-21T19:18:54.702Z] <<< [apiv2][body] GET https://www.gstatic.com/firebasejs/releases.json {"current":{"version":"9.16.0","browserURL":"https://www.gstatic.com/firebasejs/9.16.0/firebase.js","packageURL":"https://www.gstatic.com/firebasejs/9.16.0/firebase.tgz"},"live":{"version":"9.16","browserURL":"https://www.gstatic.com/firebasejs/live/9.16/firebase.js","packageURL":"https://www.gstatic.com/firebasejs/live/9.16/firebase.tgz"},"components":{"analytics":"https://www.gstatic.com/firebasejs/9.16.0/firebase-analytics.js","app":"https://www.gstatic.com/firebasejs/9.16.0/firebase-app.js","app-check":"https://www.gstatic.com/firebasejs/9.16.0/firebase-app-check.js","auth":"https://www.gstatic.com/firebasejs/9.16.0/firebase-auth.js","auth/cordova":"https://www.gstatic.com/firebasejs/9.16.0/firebase-auth/cordova.js","auth/react-native":"https://www.gstatic.com/firebasejs/9.16.0/firebase-auth/react-native.js","functions":"https://www.gstatic.com/firebasejs/9.16.0/firebase-functions.js","firestore":"https://www.gstatic.com/firebasejs/9.16.0/firebase-firestore.js","firestore/lite":"https://www.gstatic.com/firebasejs/9.16.0/firebase-firestore/lite.js","installations":"https://www.gstatic.com/firebasejs/9.16.0/firebase-installations.js","storage":"https://www.gstatic.com/firebasejs/9.16.0/firebase-storage.js","performance":"https://www.gstatic.com/firebasejs/9.16.0/firebase-performance.js","remote-config":"https://www.gstatic.com/firebasejs/9.16.0/firebase-remote-config.js","messaging":"https://www.gstatic.com/firebasejs/9.16.0/firebase-messaging.js","messaging/sw":"https://www.gstatic.com/firebasejs/9.16.0/firebase-messaging/sw.js","database":"https://www.gstatic.com/firebasejs/9.16.0/firebase-database.js","firestore.memory":"https://www.gstatic.com/firebasejs/9.16.0/firebase-firestore.memory.js"}}
[info] i  Skipping write of build/index.html 
[info] 
[info] i  Writing configuration info to firebase.json... 
[info] i  Writing project information to .firebaserc... 
[info] 
[info] +  Firebase initialization complete! 
[debug] [2023-01-21T19:19:07.172Z] Error: Timed out.
    at Timeout._onTimeout (C:\Users\Lenovo\AppData\Roaming\npm\node_modules\firebase-tools\lib\utils.js:253:49)
    at listOnTimeout (node:internal/timers:564:17)
    at process.processTimers (node:internal/timers:507:7)
[error] 
[error] Error: An unexpected error has occurred.
[debug] [2023-01-21T19:19:20.445Z] ----------------------------------------------------------------------
[debug] [2023-01-21T19:19:20.448Z] Command:       C:\Program Files\nodejs\node.exe C:\Users\Lenovo\AppData\Roaming\npm\node_modules\firebase-tools\lib\bin\firebase.js deploy
[debug] [2023-01-21T19:19:20.449Z] CLI Version:   11.21.0
[debug] [2023-01-21T19:19:20.449Z] Platform:      win32
[debug] [2023-01-21T19:19:20.450Z] Node Version:  v18.13.0
[debug] [2023-01-21T19:19:20.452Z] Time:          Sun Jan 22 2023 00:49:20 GMT+0530 (India Standard Time)
[debug] [2023-01-21T19:19:20.452Z] ----------------------------------------------------------------------
[debug] 
[debug] [2023-01-21T19:19:20.571Z] > command requires scopes: ["email","openid","https://www.googleapis.com/auth/cloudplatformprojects.readonly","https://www.googleapis.com/auth/firebase","https://www.googleapis.com/auth/cloud-platform"]
[debug] [2023-01-21T19:19:20.572Z] > authorizing via signed-in user (pillirajesh05@gmail.com)
[debug] [2023-01-21T19:19:20.572Z] [iam] checking project project-weather-85f4c for permissions ["firebase.projects.get","firebasehosting.sites.update"]
[debug] [2023-01-21T19:19:20.576Z] >>> [apiv2][query] POST https://cloudresourcemanager.googleapis.com/v1/projects/project-weather-85f4c:testIamPermissions [none]
[debug] [2023-01-21T19:19:20.577Z] >>> [apiv2][(partial)header] POST https://cloudresourcemanager.googleapis.com/v1/projects/project-weather-85f4c:testIamPermissions x-goog-quota-user=projects/project-weather-85f4c
[debug] [2023-01-21T19:19:20.577Z] >>> [apiv2][body] POST https://cloudresourcemanager.googleapis.com/v1/projects/project-weather-85f4c:testIamPermissions {"permissions":["firebase.projects.get","firebasehosting.sites.update"]}
[debug] [2023-01-21T19:19:22.638Z] <<< [apiv2][status] POST https://cloudresourcemanager.googleapis.com/v1/projects/project-weather-85f4c:testIamPermissions 200
[debug] [2023-01-21T19:19:22.639Z] <<< [apiv2][body] POST https://cloudresourcemanager.googleapis.com/v1/projects/project-weather-85f4c:testIamPermissions {"permissions":["firebase.projects.get","firebasehosting.sites.update"]}
[debug] [2023-01-21T19:19:22.640Z] >>> [apiv2][query] GET https://firebase.googleapis.com/v1beta1/projects/project-weather-85f4c [none]
[debug] [2023-01-21T19:19:23.541Z] <<< [apiv2][status] GET https://firebase.googleapis.com/v1beta1/projects/project-weather-85f4c 200
[debug] [2023-01-21T19:19:23.542Z] <<< [apiv2][body] GET https://firebase.googleapis.com/v1beta1/projects/project-weather-85f4c {"projectId":"project-weather-85f4c","projectNumber":"942214215392","displayName":"Project Weather","name":"projects/project-weather-85f4c","resources":{"hostingSite":"project-weather-85f4c"},"state":"ACTIVE","etag":"1_2a524147-5e46-4656-b07f-b5443e27afa4"}
[info] 
[info] === Deploying to 'project-weather-85f4c'...
[info] 
[info] i  deploying hosting 
[debug] [2023-01-21T19:19:23.557Z] >>> [apiv2][query] POST https://firebasehosting.googleapis.com/v1beta1/projects/-/sites/project-weather-85f4c/versions [none]
[debug] [2023-01-21T19:19:23.557Z] >>> [apiv2][body] POST https://firebasehosting.googleapis.com/v1beta1/projects/-/sites/project-weather-85f4c/versions {"status":"CREATED","labels":{"deployment-tool":"cli-firebase"}}
[debug] [2023-01-21T19:19:26.473Z] <<< [apiv2][status] POST https://firebasehosting.googleapis.com/v1beta1/projects/-/sites/project-weather-85f4c/versions 200
[debug] [2023-01-21T19:19:26.473Z] <<< [apiv2][body] POST https://firebasehosting.googleapis.com/v1beta1/projects/-/sites/project-weather-85f4c/versions {"name":"projects/942214215392/sites/project-weather-85f4c/versions/48eb3f2e0cb1e2b4","status":"CREATED","config":{},"labels":{"deployment-tool":"cli-firebase"}}
[info] i  hosting[project-weather-85f4c]: beginning deploy... 
[info] i  hosting[project-weather-85f4c]: found 12 files in build 
[debug] [2023-01-21T19:19:44.627Z] [hosting] uploading with 200 concurrency
[debug] [2023-01-21T19:19:44.629Z] [hosting] hash cache [YnVpbGQ] not populated
[debug] [2023-01-21T19:19:44.783Z] [hosting] hash cache [YnVpbGQ] stored for 12 files
[debug] [2023-01-21T19:19:44.783Z] [hosting][hash queue][FINAL] {"max":139,"min":17,"avg":38.416666666666664,"active":0,"complete":12,"success":12,"errored":0,"retried":0,"total":12,"elapsed":150}
[debug] [2023-01-21T19:19:44.784Z] >>> [apiv2][query] POST https://firebasehosting.googleapis.com/v1beta1/projects/942214215392/sites/project-weather-85f4c/versions/48eb3f2e0cb1e2b4:populateFiles [none]
[debug] [2023-01-21T19:19:44.784Z] >>> [apiv2][body] POST https://firebasehosting.googleapis.com/v1beta1/projects/942214215392/sites/project-weather-85f4c/versions/48eb3f2e0cb1e2b4:populateFiles {"files":{"/index.html":"a8618c44b14484ab128b3ef416d685835a558cbb5174cade42568c99028246d8","/asset-manifest.json":"916b1abf7933929e3392c10d9328ddc7ebc89940c97ae46996f20f567a3a0dbc","/favicon.ico":"eae62e993eb980ec8a25058c39d5a51feab118bd2100c4deebb2a9c158ec11f9","/robots.txt":"bfe106a3fb878dc83461c86818bf74fc1bdc7f28538ba613cd3e775516ce8b49","/manifest.json":"aff3449bdc238776f5d6d967f19ec491b36aed5fb7f23ccff6500736fd58494a","/static/css/main.aa91eb94.css":"d3c195e7016b6b6a47e5c9b2f9cc493e678301d7f1a2f5c2ef4a1c568417f8e0","/logo512.png":"ee7e2f3fdb8209c4b6fd7bef6ba50d1b9dba30a25bb5c3126df057e1cb6f5331","/static/css/main.aa91eb94.css.map":"039b08582c0811c43ac1447b3a4784cf33f3b919fbca53c9661badfe8de092de","/static/js/main.533942c5.js.LICENSE.txt":"7d35be2d43b553da3880ab4ca9a77b2f9bbd1dced785f0dedbfa3f2ffdbd6091","/static/js/main.533942c5.js":"7157f8b6870169ca83c6e54ebb2928cfe4fab03c65c43a1b08557198d51e77e9","/static/js/main.533942c5.js.map":"3cdc651bb5f251cc52a95838245c63a6b46b401f5cc4280e6291762a03429870","/logo192.png":"3ee59515172ee198f3be375979df15ac5345183e656720a381b8872b2a39dc8b"}}
[debug] [2023-01-21T19:19:46.432Z] <<< [apiv2][status] POST https://firebasehosting.googleapis.com/v1beta1/projects/942214215392/sites/project-weather-85f4c/versions/48eb3f2e0cb1e2b4:populateFiles 200
[debug] [2023-01-21T19:19:46.432Z] <<< [apiv2][body] POST https://firebasehosting.googleapis.com/v1beta1/projects/942214215392/sites/project-weather-85f4c/versions/48eb3f2e0cb1e2b4:populateFiles {"uploadRequiredHashes":["a8618c44b14484ab128b3ef416d685835a558cbb5174cade42568c99028246d8","d3c195e7016b6b6a47e5c9b2f9cc493e678301d7f1a2f5c2ef4a1c568417f8e0","7d35be2d43b553da3880ab4ca9a77b2f9bbd1dced785f0dedbfa3f2ffdbd6091","eae62e993eb980ec8a25058c39d5a51feab118bd2100c4deebb2a9c158ec11f9","916b1abf7933929e3392c10d9328ddc7ebc89940c97ae46996f20f567a3a0dbc","039b08582c0811c43ac1447b3a4784cf33f3b919fbca53c9661badfe8de092de","3ee59515172ee198f3be375979df15ac5345183e656720a381b8872b2a39dc8b","aff3449bdc238776f5d6d967f19ec491b36aed5fb7f23ccff6500736fd58494a","ee7e2f3fdb8209c4b6fd7bef6ba50d1b9dba30a25bb5c3126df057e1cb6f5331","7157f8b6870169ca83c6e54ebb2928cfe4fab03c65c43a1b08557198d51e77e9","3cdc651bb5f251cc52a95838245c63a6b46b401f5cc4280e6291762a03429870","bfe106a3fb878dc83461c86818bf74fc1bdc7f28538ba613cd3e775516ce8b49"],"uploadUrl":"https://upload-firebasehosting.googleapis.com/upload/sites/project-weather-85f4c/versions/48eb3f2e0cb1e2b4/files"}
[debug] [2023-01-21T19:19:46.438Z] >>> [apiv2][query] POST https://upload-firebasehosting.googleapis.com/upload/sites/project-weather-85f4c/versions/48eb3f2e0cb1e2b4/files/a8618c44b14484ab128b3ef416d685835a558cbb5174cade42568c99028246d8 [none]
[debug] [2023-01-21T19:19:46.438Z] >>> [apiv2][body] POST https://upload-firebasehosting.googleapis.com/upload/sites/project-weather-85f4c/versions/48eb3f2e0cb1e2b4/files/a8618c44b14484ab128b3ef416d685835a558cbb5174cade42568c99028246d8 [stream]
[debug] [2023-01-21T19:19:46.440Z] >>> [apiv2][query] POST https://upload-firebasehosting.googleapis.com/upload/sites/project-weather-85f4c/versions/48eb3f2e0cb1e2b4/files/d3c195e7016b6b6a47e5c9b2f9cc493e678301d7f1a2f5c2ef4a1c568417f8e0 [none]
[debug] [2023-01-21T19:19:46.440Z] >>> [apiv2][body] POST https://upload-firebasehosting.googleapis.com/upload/sites/project-weather-85f4c/versions/48eb3f2e0cb1e2b4/files/d3c195e7016b6b6a47e5c9b2f9cc493e678301d7f1a2f5c2ef4a1c568417f8e0 [stream]
[debug] [2023-01-21T19:19:46.442Z] >>> [apiv2][query] POST https://upload-firebasehosting.googleapis.com/upload/sites/project-weather-85f4c/versions/48eb3f2e0cb1e2b4/files/7d35be2d43b553da3880ab4ca9a77b2f9bbd1dced785f0dedbfa3f2ffdbd6091 [none]
[debug] [2023-01-21T19:19:46.442Z] >>> [apiv2][body] POST https://upload-firebasehosting.googleapis.com/upload/sites/project-weather-85f4c/versions/48eb3f2e0cb1e2b4/files/7d35be2d43b553da3880ab4ca9a77b2f9bbd1dced785f0dedbfa3f2ffdbd6091 [stream]
[debug] [2023-01-21T19:19:46.444Z] >>> [apiv2][query] POST https://upload-firebasehosting.googleapis.com/upload/sites/project-weather-85f4c/versions/48eb3f2e0cb1e2b4/files/eae62e993eb980ec8a25058c39d5a51feab118bd2100c4deebb2a9c158ec11f9 [none]
[debug] [2023-01-21T19:19:46.444Z] >>> [apiv2][body] POST https://upload-firebasehosting.googleapis.com/upload/sites/project-weather-85f4c/versions/48eb3f2e0cb1e2b4/files/eae62e993eb980ec8a25058c39d5a51feab118bd2100c4deebb2a9c158ec11f9 [stream]
[debug] [2023-01-21T19:19:46.445Z] >>> [apiv2][query] POST https://upload-firebasehosting.googleapis.com/upload/sites/project-weather-85f4c/versions/48eb3f2e0cb1e2b4/files/916b1abf7933929e3392c10d9328ddc7ebc89940c97ae46996f20f567a3a0dbc [none]
[debug] [2023-01-21T19:19:46.446Z] >>> [apiv2][body] POST https://upload-firebasehosting.googleapis.com/upload/sites/project-weather-85f4c/versions/48eb3f2e0cb1e2b4/files/916b1abf7933929e3392c10d9328ddc7ebc89940c97ae46996f20f567a3a0dbc [stream]
[debug] [2023-01-21T19:19:46.448Z] >>> [apiv2][query] POST https://upload-firebasehosting.googleapis.com/upload/sites/project-weather-85f4c/versions/48eb3f2e0cb1e2b4/files/039b08582c0811c43ac1447b3a4784cf33f3b919fbca53c9661badfe8de092de [none]
[debug] [2023-01-21T19:19:46.448Z] >>> [apiv2][body] POST https://upload-firebasehosting.googleapis.com/upload/sites/project-weather-85f4c/versions/48eb3f2e0cb1e2b4/files/039b08582c0811c43ac1447b3a4784cf33f3b919fbca53c9661badfe8de092de [stream]
[debug] [2023-01-21T19:19:46.451Z] >>> [apiv2][query] POST https://upload-firebasehosting.googleapis.com/upload/sites/project-weather-85f4c/versions/48eb3f2e0cb1e2b4/files/3ee59515172ee198f3be375979df15ac5345183e656720a381b8872b2a39dc8b [none]
[debug] [2023-01-21T19:19:46.451Z] >>> [apiv2][body] POST https://upload-firebasehosting.googleapis.com/upload/sites/project-weather-85f4c/versions/48eb3f2e0cb1e2b4/files/3ee59515172ee198f3be375979df15ac5345183e656720a381b8872b2a39dc8b [stream]
[debug] [2023-01-21T19:19:46.452Z] >>> [apiv2][query] POST https://upload-firebasehosting.googleapis.com/upload/sites/project-weather-85f4c/versions/48eb3f2e0cb1e2b4/files/aff3449bdc238776f5d6d967f19ec491b36aed5fb7f23ccff6500736fd58494a [none]
[debug] [2023-01-21T19:19:46.452Z] >>> [apiv2][body] POST https://upload-firebasehosting.googleapis.com/upload/sites/project-weather-85f4c/versions/48eb3f2e0cb1e2b4/files/aff3449bdc238776f5d6d967f19ec491b36aed5fb7f23ccff6500736fd58494a [stream]
[debug] [2023-01-21T19:19:46.454Z] >>> [apiv2][query] POST https://upload-firebasehosting.googleapis.com/upload/sites/project-weather-85f4c/versions/48eb3f2e0cb1e2b4/files/ee7e2f3fdb8209c4b6fd7bef6ba50d1b9dba30a25bb5c3126df057e1cb6f5331 [none]
[debug] [2023-01-21T19:19:46.454Z] >>> [apiv2][body] POST https://upload-firebasehosting.googleapis.com/upload/sites/project-weather-85f4c/versions/48eb3f2e0cb1e2b4/files/ee7e2f3fdb8209c4b6fd7bef6ba50d1b9dba30a25bb5c3126df057e1cb6f5331 [stream]
[debug] [2023-01-21T19:19:46.455Z] >>> [apiv2][query] POST https://upload-firebasehosting.googleapis.com/upload/sites/project-weather-85f4c/versions/48eb3f2e0cb1e2b4/files/7157f8b6870169ca83c6e54ebb2928cfe4fab03c65c43a1b08557198d51e77e9 [none]
[debug] [2023-01-21T19:19:46.456Z] >>> [apiv2][body] POST https://upload-firebasehosting.googleapis.com/upload/sites/project-weather-85f4c/versions/48eb3f2e0cb1e2b4/files/7157f8b6870169ca83c6e54ebb2928cfe4fab03c65c43a1b08557198d51e77e9 [stream]
[debug] [2023-01-21T19:19:46.457Z] >>> [apiv2][query] POST https://upload-firebasehosting.googleapis.com/upload/sites/project-weather-85f4c/versions/48eb3f2e0cb1e2b4/files/3cdc651bb5f251cc52a95838245c63a6b46b401f5cc4280e6291762a03429870 [none]
[debug] [2023-01-21T19:19:46.457Z] >>> [apiv2][body] POST https://upload-firebasehosting.googleapis.com/upload/sites/project-weather-85f4c/versions/48eb3f2e0cb1e2b4/files/3cdc651bb5f251cc52a95838245c63a6b46b401f5cc4280e6291762a03429870 [stream]
[debug] [2023-01-21T19:19:46.458Z] >>> [apiv2][query] POST https://upload-firebasehosting.googleapis.com/upload/sites/project-weather-85f4c/versions/48eb3f2e0cb1e2b4/files/bfe106a3fb878dc83461c86818bf74fc1bdc7f28538ba613cd3e775516ce8b49 [none]
[debug] [2023-01-21T19:19:46.458Z] >>> [apiv2][body] POST https://upload-firebasehosting.googleapis.com/upload/sites/project-weather-85f4c/versions/48eb3f2e0cb1e2b4/files/bfe106a3fb878dc83461c86818bf74fc1bdc7f28538ba613cd3e775516ce8b49 [stream]
[debug] [2023-01-21T19:19:46.460Z] [hosting][populate queue][FINAL] {"max":1660,"min":1660,"avg":1660,"active":0,"complete":1,"success":1,"errored":0,"retried":0,"total":1,"elapsed":1684}
[debug] [2023-01-21T19:19:46.460Z] [hosting] uploads queued: 12
[debug] [2023-01-21T19:19:49.827Z] <<< [apiv2][status] POST https://upload-firebasehosting.googleapis.com/upload/sites/project-weather-85f4c/versions/48eb3f2e0cb1e2b4/files/eae62e993eb980ec8a25058c39d5a51feab118bd2100c4deebb2a9c158ec11f9 200
[debug] [2023-01-21T19:19:49.828Z] <<< [apiv2][body] POST https://upload-firebasehosting.googleapis.com/upload/sites/project-weather-85f4c/versions/48eb3f2e0cb1e2b4/files/eae62e993eb980ec8a25058c39d5a51feab118bd2100c4deebb2a9c158ec11f9 [stream]
[debug] [2023-01-21T19:19:49.832Z] <<< [apiv2][status] POST https://upload-firebasehosting.googleapis.com/upload/sites/project-weather-85f4c/versions/48eb3f2e0cb1e2b4/files/916b1abf7933929e3392c10d9328ddc7ebc89940c97ae46996f20f567a3a0dbc 200
[debug] [2023-01-21T19:19:49.832Z] <<< [apiv2][body] POST https://upload-firebasehosting.googleapis.com/upload/sites/project-weather-85f4c/versions/48eb3f2e0cb1e2b4/files/916b1abf7933929e3392c10d9328ddc7ebc89940c97ae46996f20f567a3a0dbc [stream]
[debug] [2023-01-21T19:19:49.833Z] <<< [apiv2][status] POST https://upload-firebasehosting.googleapis.com/upload/sites/project-weather-85f4c/versions/48eb3f2e0cb1e2b4/files/3ee59515172ee198f3be375979df15ac5345183e656720a381b8872b2a39dc8b 200
[debug] [2023-01-21T19:19:49.834Z] <<< [apiv2][body] POST https://upload-firebasehosting.googleapis.com/upload/sites/project-weather-85f4c/versions/48eb3f2e0cb1e2b4/files/3ee59515172ee198f3be375979df15ac5345183e656720a381b8872b2a39dc8b [stream]
[debug] [2023-01-21T19:19:49.835Z] <<< [apiv2][status] POST https://upload-firebasehosting.googleapis.com/upload/sites/project-weather-85f4c/versions/48eb3f2e0cb1e2b4/files/a8618c44b14484ab128b3ef416d685835a558cbb5174cade42568c99028246d8 200
[debug] [2023-01-21T19:19:49.835Z] <<< [apiv2][body] POST https://upload-firebasehosting.googleapis.com/upload/sites/project-weather-85f4c/versions/48eb3f2e0cb1e2b4/files/a8618c44b14484ab128b3ef416d685835a558cbb5174cade42568c99028246d8 [stream]
[debug] [2023-01-21T19:19:49.836Z] <<< [apiv2][status] POST https://upload-firebasehosting.googleapis.com/upload/sites/project-weather-85f4c/versions/48eb3f2e0cb1e2b4/files/d3c195e7016b6b6a47e5c9b2f9cc493e678301d7f1a2f5c2ef4a1c568417f8e0 200
[debug] [2023-01-21T19:19:49.836Z] <<< [apiv2][body] POST https://upload-firebasehosting.googleapis.com/upload/sites/project-weather-85f4c/versions/48eb3f2e0cb1e2b4/files/d3c195e7016b6b6a47e5c9b2f9cc493e678301d7f1a2f5c2ef4a1c568417f8e0 [stream]
[debug] [2023-01-21T19:19:50.038Z] <<< [apiv2][status] POST https://upload-firebasehosting.googleapis.com/upload/sites/project-weather-85f4c/versions/48eb3f2e0cb1e2b4/files/7d35be2d43b553da3880ab4ca9a77b2f9bbd1dced785f0dedbfa3f2ffdbd6091 200
[debug] [2023-01-21T19:19:50.039Z] <<< [apiv2][body] POST https://upload-firebasehosting.googleapis.com/upload/sites/project-weather-85f4c/versions/48eb3f2e0cb1e2b4/files/7d35be2d43b553da3880ab4ca9a77b2f9bbd1dced785f0dedbfa3f2ffdbd6091 [stream]
[debug] [2023-01-21T19:19:50.247Z] <<< [apiv2][status] POST https://upload-firebasehosting.googleapis.com/upload/sites/project-weather-85f4c/versions/48eb3f2e0cb1e2b4/files/039b08582c0811c43ac1447b3a4784cf33f3b919fbca53c9661badfe8de092de 200
[debug] [2023-01-21T19:19:50.248Z] <<< [apiv2][body] POST https://upload-firebasehosting.googleapis.com/upload/sites/project-weather-85f4c/versions/48eb3f2e0cb1e2b4/files/039b08582c0811c43ac1447b3a4784cf33f3b919fbca53c9661badfe8de092de [stream]
[debug] [2023-01-21T19:19:50.559Z] <<< [apiv2][status] POST https://upload-firebasehosting.googleapis.com/upload/sites/project-weather-85f4c/versions/48eb3f2e0cb1e2b4/files/ee7e2f3fdb8209c4b6fd7bef6ba50d1b9dba30a25bb5c3126df057e1cb6f5331 200
[debug] [2023-01-21T19:19:50.559Z] <<< [apiv2][body] POST https://upload-firebasehosting.googleapis.com/upload/sites/project-weather-85f4c/versions/48eb3f2e0cb1e2b4/files/ee7e2f3fdb8209c4b6fd7bef6ba50d1b9dba30a25bb5c3126df057e1cb6f5331 [stream]
[debug] [2023-01-21T19:19:50.621Z] <<< [apiv2][status] POST https://upload-firebasehosting.googleapis.com/upload/sites/project-weather-85f4c/versions/48eb3f2e0cb1e2b4/files/aff3449bdc238776f5d6d967f19ec491b36aed5fb7f23ccff6500736fd58494a 200
[debug] [2023-01-21T19:19:50.621Z] <<< [apiv2][body] POST https://upload-firebasehosting.googleapis.com/upload/sites/project-weather-85f4c/versions/48eb3f2e0cb1e2b4/files/aff3449bdc238776f5d6d967f19ec491b36aed5fb7f23ccff6500736fd58494a [stream]
[debug] [2023-01-21T19:19:50.667Z] <<< [apiv2][status] POST https://upload-firebasehosting.googleapis.com/upload/sites/project-weather-85f4c/versions/48eb3f2e0cb1e2b4/files/bfe106a3fb878dc83461c86818bf74fc1bdc7f28538ba613cd3e775516ce8b49 200
[debug] [2023-01-21T19:19:50.668Z] <<< [apiv2][body] POST https://upload-firebasehosting.googleapis.com/upload/sites/project-weather-85f4c/versions/48eb3f2e0cb1e2b4/files/bfe106a3fb878dc83461c86818bf74fc1bdc7f28538ba613cd3e775516ce8b49 [stream]
[debug] [2023-01-21T19:19:50.785Z] <<< [apiv2][status] POST https://upload-firebasehosting.googleapis.com/upload/sites/project-weather-85f4c/versions/48eb3f2e0cb1e2b4/files/7157f8b6870169ca83c6e54ebb2928cfe4fab03c65c43a1b08557198d51e77e9 200
[debug] [2023-01-21T19:19:50.785Z] <<< [apiv2][body] POST https://upload-firebasehosting.googleapis.com/upload/sites/project-weather-85f4c/versions/48eb3f2e0cb1e2b4/files/7157f8b6870169ca83c6e54ebb2928cfe4fab03c65c43a1b08557198d51e77e9 [stream]
[debug] [2023-01-21T19:19:50.808Z] <<< [apiv2][status] POST https://upload-firebasehosting.googleapis.com/upload/sites/project-weather-85f4c/versions/48eb3f2e0cb1e2b4/files/3cdc651bb5f251cc52a95838245c63a6b46b401f5cc4280e6291762a03429870 200
[debug] [2023-01-21T19:19:50.808Z] <<< [apiv2][body] POST https://upload-firebasehosting.googleapis.com/upload/sites/project-weather-85f4c/versions/48eb3f2e0cb1e2b4/files/3cdc651bb5f251cc52a95838245c63a6b46b401f5cc4280e6291762a03429870 [stream]
[debug] [2023-01-21T19:19:50.808Z] [hosting][upload queue][FINAL] {"max":4372,"min":3394,"avg":3806.8333333333335,"active":0,"complete":12,"success":12,"errored":0,"retried":0,"total":12,"elapsed":4376}
[info] +  hosting[project-weather-85f4c]: file upload complete 
[debug] [2023-01-21T19:19:50.810Z] [hosting] deploy completed after 6202ms
[debug] [2023-01-21T19:19:50.817Z] [
  {
    "config": {
      "public": "build",
      "ignore": [
        "firebase.json",
        "**/.*",
        "**/node_modules/**"
      ],
      "rewrites": [
        {
          "source": "**",
          "destination": "/index.html"
        }
      ],
      "site": "project-weather-85f4c"
    },
    "version": "projects/942214215392/sites/project-weather-85f4c/versions/48eb3f2e0cb1e2b4"
  }
]
[info] i  hosting[project-weather-85f4c]: finalizing version... 
[debug] [2023-01-21T19:19:50.821Z] >>> [apiv2][query] PATCH https://firebasehosting.googleapis.com/v1beta1/projects/-/sites/project-weather-85f4c/versions/48eb3f2e0cb1e2b4 updateMask=status%2Cconfig
[debug] [2023-01-21T19:19:50.822Z] >>> [apiv2][body] PATCH https://firebasehosting.googleapis.com/v1beta1/projects/-/sites/project-weather-85f4c/versions/48eb3f2e0cb1e2b4 {"status":"FINALIZED","config":{"rewrites":[{"glob":"**","path":"/index.html"}]}}
[debug] [2023-01-21T19:19:52.716Z] <<< [apiv2][status] PATCH https://firebasehosting.googleapis.com/v1beta1/projects/-/sites/project-weather-85f4c/versions/48eb3f2e0cb1e2b4 200
[debug] [2023-01-21T19:19:52.716Z] <<< [apiv2][body] PATCH https://firebasehosting.googleapis.com/v1beta1/projects/-/sites/project-weather-85f4c/versions/48eb3f2e0cb1e2b4 {"name":"projects/942214215392/sites/project-weather-85f4c/versions/48eb3f2e0cb1e2b4","status":"FINALIZED","config":{"rewrites":[{"glob":"**","path":"/index.html"}]},"labels":{"deployment-tool":"cli-firebase"},"createTime":"2023-01-21T19:19:26.060750Z","createUser":{"email":"pillirajesh05@gmail.com"},"finalizeTime":"2023-01-21T19:19:53.413894Z","finalizeUser":{"email":"pillirajesh05@gmail.com"}}
[debug] [2023-01-21T19:19:52.716Z] [hosting] finalized version for project-weather-85f4c:[object Object]
[info] +  hosting[project-weather-85f4c]: version finalized 
[info] i  hosting[project-weather-85f4c]: releasing new version... 
[debug] [2023-01-21T19:19:52.719Z] >>> [apiv2][query] POST https://firebasehosting.googleapis.com/v1beta1/projects/-/sites/project-weather-85f4c/channels/live/releases versionName=projects%2F942214215392%2Fsites%2Fproject-weather-85f4c%2Fversions%2F48eb3f2e0cb1e2b4
[debug] [2023-01-21T19:19:52.719Z] >>> [apiv2][body] POST https://firebasehosting.googleapis.com/v1beta1/projects/-/sites/project-weather-85f4c/channels/live/releases {}
[debug] [2023-01-21T19:19:54.563Z] <<< [apiv2][status] POST https://firebasehosting.googleapis.com/v1beta1/projects/-/sites/project-weather-85f4c/channels/live/releases 200
[debug] [2023-01-21T19:19:54.563Z] <<< [apiv2][body] POST https://firebasehosting.googleapis.com/v1beta1/projects/-/sites/project-weather-85f4c/channels/live/releases {"name":"projects/942214215392/sites/project-weather-85f4c/channels/live/releases/1674328794562596","version":{"name":"projects/942214215392/sites/project-weather-85f4c/versions/48eb3f2e0cb1e2b4","status":"FINALIZED","config":{"rewrites":[{"glob":"**","path":"/index.html"}]},"labels":{"deployment-tool":"cli-firebase"},"createTime":"2023-01-21T19:19:26.060750Z","createUser":{"email":"pillirajesh05@gmail.com","imageUrl":"https://lh3.googleusercontent.com/a/AEdFTp4q4SA555AWhxWdfrwlZN7r3dPNLV4XfudSnI5BWg"},"finalizeTime":"2023-01-21T19:19:53.413894Z","finalizeUser":{"email":"pillirajesh05@gmail.com","imageUrl":"https://lh3.googleusercontent.com/a/AEdFTp4q4SA555AWhxWdfrwlZN7r3dPNLV4XfudSnI5BWg"}},"type":"DEPLOY","releaseTime":"2023-01-21T19:19:54.562596295Z","releaseUser":{"email":"pillirajesh05@gmail.com","imageUrl":"https://lh3.googleusercontent.com/a/AEdFTp4q4SA555AWhxWdfrwlZN7r3dPNLV4XfudSnI5BWg"}}
[debug] [2023-01-21T19:19:54.563Z] [hosting] release: {"name":"projects/942214215392/sites/project-weather-85f4c/channels/live/releases/1674328794562596","version":{"name":"projects/942214215392/sites/project-weather-85f4c/versions/48eb3f2e0cb1e2b4","status":"FINALIZED","config":{"rewrites":[{"glob":"**","path":"/index.html"}]},"labels":{"deployment-tool":"cli-firebase"},"createTime":"2023-01-21T19:19:26.060750Z","createUser":{"email":"pillirajesh05@gmail.com","imageUrl":"https://lh3.googleusercontent.com/a/AEdFTp4q4SA555AWhxWdfrwlZN7r3dPNLV4XfudSnI5BWg"},"finalizeTime":"2023-01-21T19:19:53.413894Z","finalizeUser":{"email":"pillirajesh05@gmail.com","imageUrl":"https://lh3.googleusercontent.com/a/AEdFTp4q4SA555AWhxWdfrwlZN7r3dPNLV4XfudSnI5BWg"}},"type":"DEPLOY","releaseTime":"2023-01-21T19:19:54.562596295Z","releaseUser":{"email":"pillirajesh05@gmail.com","imageUrl":"https://lh3.googleusercontent.com/a/AEdFTp4q4SA555AWhxWdfrwlZN7r3dPNLV4XfudSnI5BWg"}}
[info] +  hosting[project-weather-85f4c]: release complete 
[info] 
[info] +  Deploy complete! 
[info] 
[info] Project Console: https://console.firebase.google.com/project/project-weather-85f4c/overview
[info] Hosting URL: https://project-weather-85f4c.web.app
[debug] [2023-01-21T19:20:25.668Z] Error: Timed out.
    at Timeout._onTimeout (C:\Users\Lenovo\AppData\Roaming\npm\node_modules\firebase-tools\lib\utils.js:253:49)
    at listOnTimeout (node:internal/timers:564:17)
    at process.processTimers (node:internal/timers:507:7)
[error] 
[error] Error: An unexpected error has occurred.
